{
  "Cucumber Features": {
    "coverage": {
      "/Users/davidho/RubymineProjects/buddies/app/models/user.rb": {
        "lines": [
          1,
          null,
          null,
          1,
          1,
          1,
          1,
          null,
          null
        ]
      },
      "/Users/davidho/RubymineProjects/buddies/app/models/application_record.rb": {
        "lines": [
          1,
          1,
          null
        ]
      },
      "/Users/davidho/RubymineProjects/buddies/app/models/event.rb": {
        "lines": [
          1,
          1,
          1,
          1,
          1,
          1,
          124,
          null,
          null,
          1,
          77,
          null,
          null,
          1,
          0,
          null,
          null,
          1,
          0,
          null,
          null,
          null
        ]
      },
      "/Users/davidho/RubymineProjects/buddies/app/controllers/events_controller.rb": {
        "lines": [
          1,
          1,
          1,
          null,
          null,
          null,
          1,
          77,
          null,
          77,
          0,
          null,
          null,
          77,
          null,
          77,
          30,
          null,
          null,
          270,
          null,
          null,
          77,
          30,
          null,
          47,
          null,
          77,
          null,
          77,
          null,
          77,
          null,
          77,
          null,
          null,
          77,
          0,
          0,
          0,
          null,
          77,
          0,
          null,
          null,
          77,
          0,
          0,
          null,
          0,
          0,
          0,
          null,
          null,
          null,
          null,
          null,
          77,
          0,
          null,
          null,
          null,
          null,
          77,
          null,
          null,
          null,
          null,
          null,
          77,
          297,
          77,
          220,
          220,
          220,
          220,
          220,
          220,
          null,
          null,
          0,
          null,
          null,
          297,
          null,
          77,
          77,
          77,
          null,
          null,
          null,
          1,
          23,
          23,
          23,
          23,
          null,
          null,
          null,
          1,
          null,
          null,
          null,
          1,
          0,
          null,
          null,
          null,
          1,
          0,
          0,
          null,
          0,
          0,
          0,
          0,
          0,
          0,
          0,
          0,
          0,
          0,
          0,
          null,
          0,
          null,
          0,
          0,
          0,
          0,
          0,
          null,
          null,
          null,
          null,
          null,
          1,
          0,
          0,
          0,
          0,
          0,
          0,
          0,
          null,
          0,
          0,
          0,
          0,
          0,
          null,
          0,
          null,
          0,
          null,
          null,
          null,
          1,
          0,
          0,
          0,
          0,
          null,
          0,
          null,
          0,
          null,
          null,
          1,
          13,
          1,
          null,
          12,
          12,
          1,
          11,
          null,
          null,
          null,
          10,
          1,
          null,
          9,
          9,
          9,
          9,
          9,
          9,
          9,
          3,
          null,
          null,
          null,
          1,
          null,
          12,
          null,
          null,
          null,
          1,
          4,
          1,
          null,
          3,
          3,
          1,
          1,
          1,
          1,
          1,
          1,
          2,
          1,
          null,
          1,
          null,
          3,
          null,
          null,
          null,
          null,
          1,
          null,
          null,
          null,
          null,
          null,
          null,
          1,
          0,
          null,
          null,
          null
        ]
      },
      "/Users/davidho/RubymineProjects/buddies/app/controllers/application_controller.rb": {
        "lines": [
          1,
          null
        ]
      },
      "/Users/davidho/RubymineProjects/buddies/app/helpers/application_helper.rb": {
        "lines": [
          1,
          null
        ]
      },
      "/Users/davidho/RubymineProjects/buddies/app/helpers/events_helper.rb": {
        "lines": [
          1,
          1,
          0,
          0,
          null,
          null,
          null,
          1,
          0,
          null,
          null,
          null
        ]
      },
      "/Users/davidho/RubymineProjects/buddies/app/helpers/users_helper.rb": {
        "lines": [
          1,
          null
        ]
      },
      "/Users/davidho/RubymineProjects/buddies/app/models/participation.rb": {
        "lines": [
          1,
          1,
          1,
          null
        ]
      },
      "/Users/davidho/RubymineProjects/buddies/app/controllers/users_controller.rb": {
        "lines": [
          1,
          1,
          null,
          null,
          null,
          null,
          null,
          null,
          null,
          1,
          null,
          null,
          null,
          null,
          null,
          null,
          null,
          null,
          1,
          null,
          null,
          null,
          null,
          null,
          null,
          null,
          null,
          null,
          null,
          null,
          null,
          null,
          null,
          null,
          null,
          null,
          null,
          1,
          0,
          0,
          null,
          0,
          0,
          null,
          null,
          null,
          null,
          null,
          null,
          null,
          null,
          1,
          0,
          null,
          0,
          0,
          0,
          null,
          null,
          null,
          null,
          null,
          null,
          null,
          1,
          4,
          null,
          null,
          1,
          1,
          null,
          null,
          null,
          1,
          null,
          1,
          0,
          null,
          null,
          null,
          1,
          0,
          null,
          null
        ]
      },
      "/Users/davidho/RubymineProjects/buddies/app/mailers/user_mailer.rb": {
        "lines": [
          1,
          1,
          null,
          1,
          0,
          0,
          0,
          null,
          null,
          1,
          3,
          3,
          null,
          3,
          null,
          null,
          null,
          null
        ]
      },
      "/Users/davidho/RubymineProjects/buddies/app/mailers/application_mailer.rb": {
        "lines": [
          1,
          1,
          1,
          null,
          null
        ]
      }
    },
    "timestamp": 1671210087
  },
  "RSpec": {
    "coverage": {
      "/Users/davidho/RubymineProjects/buddies/app/models/user.rb": {
        "lines": [
          1,
          null,
          null,
          1,
          1,
          1,
          1,
          null,
          null
        ]
      },
      "/Users/davidho/RubymineProjects/buddies/app/models/application_record.rb": {
        "lines": [
          1,
          1,
          null
        ]
      },
      "/Users/davidho/RubymineProjects/buddies/app/models/event.rb": {
        "lines": [
          1,
          1,
          1,
          1,
          1,
          1,
          3,
          null,
          null,
          1,
          2,
          null,
          null,
          1,
          0,
          null,
          null,
          1,
          0,
          null,
          null,
          null
        ]
      },
      "/Users/davidho/RubymineProjects/buddies/app/controllers/events_controller.rb": {
        "lines": [
          1,
          1,
          1,
          null,
          null,
          null,
          1,
          2,
          null,
          2,
          0,
          null,
          null,
          2,
          null,
          2,
          0,
          null,
          null,
          0,
          null,
          null,
          2,
          1,
          null,
          1,
          null,
          2,
          null,
          2,
          null,
          2,
          null,
          2,
          null,
          null,
          2,
          0,
          0,
          0,
          null,
          2,
          0,
          null,
          null,
          2,
          0,
          0,
          null,
          0,
          0,
          0,
          null,
          null,
          null,
          null,
          null,
          2,
          0,
          null,
          null,
          null,
          null,
          2,
          null,
          null,
          null,
          null,
          null,
          2,
          6,
          2,
          4,
          4,
          4,
          4,
          4,
          4,
          null,
          null,
          0,
          null,
          null,
          6,
          null,
          2,
          2,
          2,
          null,
          null,
          null,
          1,
          0,
          0,
          0,
          0,
          null,
          null,
          null,
          1,
          null,
          null,
          null,
          1,
          0,
          null,
          null,
          null,
          1,
          0,
          0,
          null,
          0,
          0,
          0,
          0,
          0,
          0,
          0,
          0,
          0,
          0,
          0,
          null,
          0,
          null,
          0,
          0,
          0,
          0,
          0,
          null,
          null,
          null,
          null,
          null,
          1,
          0,
          0,
          0,
          0,
          0,
          0,
          0,
          null,
          0,
          0,
          0,
          0,
          0,
          null,
          0,
          null,
          0,
          null,
          null,
          null,
          1,
          0,
          0,
          0,
          0,
          null,
          0,
          null,
          0,
          null,
          null,
          1,
          0,
          0,
          null,
          0,
          0,
          0,
          0,
          null,
          null,
          null,
          0,
          0,
          null,
          0,
          0,
          0,
          0,
          0,
          0,
          0,
          0,
          null,
          null,
          null,
          0,
          null,
          0,
          null,
          null,
          null,
          1,
          0,
          0,
          null,
          0,
          0,
          0,
          0,
          0,
          0,
          0,
          0,
          0,
          0,
          null,
          0,
          null,
          0,
          null,
          null,
          null,
          null,
          1,
          null,
          null,
          null,
          null,
          null,
          null,
          1,
          0,
          null,
          null,
          null
        ]
      },
      "/Users/davidho/RubymineProjects/buddies/app/controllers/application_controller.rb": {
        "lines": [
          1,
          null
        ]
      },
      "/Users/davidho/RubymineProjects/buddies/app/helpers/application_helper.rb": {
        "lines": [
          1,
          null
        ]
      },
      "/Users/davidho/RubymineProjects/buddies/app/helpers/events_helper.rb": {
        "lines": [
          1,
          1,
          0,
          0,
          null,
          null,
          null,
          1,
          0,
          null,
          null,
          null
        ]
      },
      "/Users/davidho/RubymineProjects/buddies/app/helpers/users_helper.rb": {
        "lines": [
          1,
          null
        ]
      },
      "/Users/davidho/RubymineProjects/buddies/app/controllers/users_controller.rb": {
        "lines": [
          0,
          0,
          null,
          null,
          null,
          null,
          null,
          null,
          null,
          0,
          0,
          null,
          null,
          null,
          null,
          null,
          null,
          null,
          0,
          0,
          null,
          null,
          null,
          null,
          null,
          null,
          null,
          null,
          null,
          null,
          null,
          null,
          null,
          null,
          null,
          null,
          null,
          0,
          0,
          0,
          null,
          0,
          0,
          null,
          null,
          null,
          0,
          0,
          0,
          null,
          null,
          0,
          0,
          null,
          0,
          0,
          0,
          0,
          0,
          null,
          null,
          null,
          null,
          null,
          0,
          0,
          0,
          null,
          0,
          0,
          0,
          null,
          null,
          0,
          null,
          0,
          0,
          0,
          null,
          null,
          0,
          0,
          0,
          0
        ],
        "branches": {
        }
      },
      "/Users/davidho/RubymineProjects/buddies/app/mailers/application_mailer.rb": {
        "lines": [
          0,
          0,
          0,
          0,
          null
        ],
        "branches": {
        }
      },
      "/Users/davidho/RubymineProjects/buddies/app/mailers/user_mailer.rb": {
        "lines": [
          0,
          0,
          null,
          0,
          0,
          0,
          0,
          0,
          null,
          0,
          0,
          0,
          null,
          0,
          0,
          null,
          null,
          0
        ],
        "branches": {
        }
      },
      "/Users/davidho/RubymineProjects/buddies/app/models/participation.rb": {
        "lines": [
          0,
          0,
          0,
          0
        ],
        "branches": {
        }
      }
    },
    "timestamp": 1671207791
  }
}
