{
  "RSpec": {
    "coverage": {
      "/Users/yangyuxin/Documents/COMS4152/buddies/app/models/user.rb": {
        "lines": [
          1,
          null,
          null,
          1,
          1,
          1,
          1,
          null,
          null
        ]
      },
      "/Users/yangyuxin/Documents/COMS4152/buddies/app/models/application_record.rb": {
        "lines": [
          1,
          1,
          null
        ]
      },
      "/Users/yangyuxin/Documents/COMS4152/buddies/app/helpers/application_helper.rb": {
        "lines": [
          1,
          null
        ]
      },
      "/Users/yangyuxin/Documents/COMS4152/buddies/app/helpers/events_helper.rb": {
        "lines": [
          1,
          1,
          2,
          1,
          null,
          null,
          null,
          1,
          312,
          null,
          null,
          null
        ]
      },
      "/Users/yangyuxin/Documents/COMS4152/buddies/app/helpers/users_helper.rb": {
        "lines": [
          1,
          null
        ]
      },
      "/Users/yangyuxin/Documents/COMS4152/buddies/app/controllers/events_controller.rb": {
        "lines": [
          1,
          1,
          1,
          null,
          null,
          null,
          1,
          3,
          null,
          3,
          0,
          null,
          null,
          3,
          null,
          3,
          0,
          null,
          null,
          0,
          null,
          null,
          3,
          1,
          null,
          2,
          null,
          3,
          null,
          3,
          null,
          3,
          null,
          3,
          null,
          null,
          3,
          0,
          0,
          0,
          null,
          3,
          0,
          null,
          null,
          3,
          0,
          0,
          null,
          0,
          0,
          0,
          null,
          null,
          null,
          null,
          null,
          3,
          0,
          null,
          null,
          null,
          null,
          3,
          null,
          null,
          null,
          null,
          null,
          3,
          6,
          3,
          0,
          0,
          0,
          0,
          0,
          0,
          null,
          null,
          0,
          null,
          null,
          3,
          null,
          3,
          3,
          3,
          null,
          null,
          null,
          1,
          2,
          2,
          2,
          2,
          null,
          null,
          null,
          1,
          null,
          null,
          null,
          1,
          1,
          null,
          null,
          null,
          1,
          25,
          1,
          null,
          24,
          24,
          24,
          2,
          2,
          22,
          1,
          1,
          21,
          1,
          1,
          null,
          20,
          null,
          20,
          20,
          20,
          20,
          20,
          null,
          null,
          null,
          null,
          null,
          1,
          3,
          3,
          2,
          2,
          2,
          1,
          1,
          null,
          1,
          1,
          1,
          1,
          1,
          null,
          1,
          null,
          2,
          null,
          null,
          null,
          1,
          2,
          2,
          1,
          1,
          null,
          1,
          null,
          2,
          null,
          null,
          1,
          8,
          1,
          null,
          7,
          7,
          1,
          6,
          null,
          null,
          null,
          5,
          1,
          null,
          4,
          4,
          4,
          4,
          4,
          4,
          4,
          3,
          null,
          null,
          null,
          1,
          null,
          7,
          null,
          null,
          null,
          1,
          4,
          1,
          null,
          3,
          3,
          1,
          1,
          1,
          1,
          1,
          1,
          2,
          1,
          null,
          1,
          null,
          3,
          null,
          null,
          null,
          null,
          1,
          null,
          null,
          null,
          null,
          null,
          null,
          1,
          21,
          null,
          null,
          null
        ]
      },
      "/Users/yangyuxin/Documents/COMS4152/buddies/app/controllers/application_controller.rb": {
        "lines": [
          1,
          null
        ]
      },
      "/Users/yangyuxin/Documents/COMS4152/buddies/app/controllers/users_controller.rb": {
        "lines": [
          1,
          1,
          null,
          null,
          null,
          null,
          null,
          null,
          null,
          1,
          null,
          null,
          null,
          null,
          null,
          null,
          null,
          null,
          1,
          null,
          null,
          null,
          null,
          null,
          null,
          null,
          null,
          null,
          null,
          null,
          null,
          null,
          null,
          null,
          null,
          null,
          null,
          1,
          1,
          1,
          null,
          2,
          1,
          null,
          null,
          null,
          null,
          null,
          null,
          null,
          null,
          1,
          1,
          null,
          1,
          2,
          1,
          null,
          null,
          null,
          null,
          null,
          null,
          null,
          1,
          1,
          null,
          null,
          1,
          1,
          null,
          null,
          null,
          1,
          null,
          1,
          2,
          null,
          null,
          null,
          1,
          1,
          null,
          null
        ]
      },
      "/Users/yangyuxin/Documents/COMS4152/buddies/app/mailers/user_mailer.rb": {
        "lines": [
          1,
          1,
          null,
          1,
          0,
          0,
          0,
          null,
          null,
          1,
          3,
          3,
          null,
          3,
          null,
          null,
          null,
          null
        ]
      },
      "/Users/yangyuxin/Documents/COMS4152/buddies/app/mailers/application_mailer.rb": {
        "lines": [
          1,
          1,
          1,
          null,
          null
        ]
      },
      "/Users/yangyuxin/Documents/COMS4152/buddies/app/models/event.rb": {
        "lines": [
          1,
          1,
          1,
          1,
          1,
          1,
          5,
          null,
          null,
          1,
          3,
          null,
          null,
          1,
          0,
          null,
          null,
          1,
          0,
          null,
          null,
          null
        ]
      },
      "/Users/yangyuxin/Documents/COMS4152/buddies/app/models/participation.rb": {
        "lines": [
          1,
          1,
          1,
          null
        ]
      }
    },
    "timestamp": 1671159228
  }
}
