{
  "RSpec": {
    "coverage": {
      "/Users/yangyuxin/Documents/COMS4152/buddies/app/models/user.rb": {
        "lines": [
          1,
          null,
          null,
          1,
          1,
          1,
          1,
          null,
          null
        ]
      },
      "/Users/yangyuxin/Documents/COMS4152/buddies/app/models/application_record.rb": {
        "lines": [
          1,
          1,
          null
        ]
      },
      "/Users/yangyuxin/Documents/COMS4152/buddies/app/helpers/application_helper.rb": {
        "lines": [
          1,
          null
        ]
      },
      "/Users/yangyuxin/Documents/COMS4152/buddies/app/helpers/events_helper.rb": {
        "lines": [
          1,
          1,
          2,
          1,
          null,
          null,
          null,
          1,
          288,
          null,
          null,
          null
        ]
      },
      "/Users/yangyuxin/Documents/COMS4152/buddies/app/helpers/users_helper.rb": {
        "lines": [
          1,
          null
        ]
      },
      "/Users/yangyuxin/Documents/COMS4152/buddies/app/controllers/events_controller.rb": {
        "lines": [
          1,
          1,
          1,
          null,
          null,
          null,
          1,
          6,
          null,
          6,
          0,
          null,
          null,
          6,
          null,
          6,
          0,
          null,
          null,
          0,
          null,
          null,
          6,
          0,
          null,
          6,
          null,
          6,
          null,
          6,
          null,
          6,
          null,
          6,
          null,
          null,
          6,
          1,
          1,
          1,
          null,
          5,
          1,
          null,
          null,
          6,
          2,
          1,
          null,
          1,
          1,
          1,
          null,
          null,
          null,
          null,
          null,
          4,
          1,
          null,
          null,
          null,
          null,
          6,
          null,
          null,
          null,
          null,
          null,
          6,
          8,
          6,
          0,
          0,
          0,
          0,
          0,
          0,
          null,
          null,
          0,
          null,
          null,
          6,
          null,
          6,
          6,
          6,
          null,
          null,
          null,
          1,
          2,
          2,
          2,
          2,
          null,
          null,
          null,
          1,
          null,
          null,
          null,
          1,
          1,
          null,
          null,
          null,
          1,
          23,
          1,
          null,
          22,
          22,
          22,
          2,
          2,
          20,
          1,
          1,
          19,
          1,
          1,
          null,
          18,
          null,
          18,
          18,
          18,
          18,
          18,
          null,
          null,
          null,
          null,
          null,
          1,
          3,
          3,
          2,
          2,
          2,
          1,
          1,
          null,
          1,
          1,
          1,
          1,
          1,
          null,
          1,
          null,
          2,
          null,
          null,
          null,
          1,
          2,
          2,
          1,
          1,
          null,
          1,
          null,
          2,
          null,
          null,
          1,
          8,
          1,
          null,
          7,
          7,
          1,
          6,
          null,
          null,
          null,
          5,
          1,
          null,
          4,
          4,
          4,
          4,
          4,
          4,
          4,
          3,
          null,
          null,
          null,
          1,
          null,
          7,
          null,
          null,
          null,
          1,
          4,
          1,
          null,
          3,
          3,
          1,
          1,
          1,
          1,
          1,
          1,
          2,
          1,
          null,
          1,
          null,
          3,
          null,
          null,
          null,
          null,
          1,
          null,
          null,
          null,
          null,
          null,
          null,
          1,
          19,
          null,
          null,
          null
        ]
      },
      "/Users/yangyuxin/Documents/COMS4152/buddies/app/controllers/application_controller.rb": {
        "lines": [
          1,
          null
        ]
      },
      "/Users/yangyuxin/Documents/COMS4152/buddies/app/controllers/users_controller.rb": {
        "lines": [
          1,
          1,
          null,
          null,
          null,
          null,
          null,
          null,
          null,
          1,
          null,
          null,
          null,
          null,
          null,
          null,
          null,
          null,
          1,
          null,
          null,
          null,
          null,
          null,
          null,
          null,
          null,
          null,
          null,
          null,
          null,
          null,
          null,
          null,
          null,
          null,
          null,
          1,
          1,
          1,
          null,
          2,
          1,
          null,
          null,
          null,
          null,
          null,
          null,
          null,
          null,
          1,
          1,
          null,
          1,
          2,
          1,
          null,
          null,
          null,
          null,
          null,
          null,
          null,
          1,
          1,
          null,
          null,
          1,
          1,
          null,
          null,
          null,
          1,
          null,
          1,
          2,
          null,
          null,
          null,
          1,
          1,
          null,
          null
        ]
      },
      "/Users/yangyuxin/Documents/COMS4152/buddies/app/mailers/user_mailer.rb": {
        "lines": [
          1,
          1,
          null,
          1,
          1,
          1,
          1,
          null,
          null,
          1,
          3,
          3,
          null,
          3,
          null,
          null,
          null,
          null
        ]
      },
      "/Users/yangyuxin/Documents/COMS4152/buddies/app/mailers/application_mailer.rb": {
        "lines": [
          1,
          1,
          1,
          null,
          null
        ]
      },
      "/Users/yangyuxin/Documents/COMS4152/buddies/app/models/event.rb": {
        "lines": [
          1,
          1,
          1,
          1,
          1,
          1,
          12,
          null,
          null,
          1,
          6,
          null,
          null,
          1,
          2,
          null,
          null,
          1,
          2,
          null,
          null,
          null
        ]
      },
      "/Users/yangyuxin/Documents/COMS4152/buddies/app/models/participation.rb": {
        "lines": [
          1,
          1,
          1,
          null
        ]
      }
    },
    "timestamp": 1671219454
  }
}
