{
  "RSpec": {
    "coverage": {
      "/Users/yizhong/Desktop/buddies/app/models/user.rb": {
        "lines": [
          1,
          null,
          null,
          1,
          1,
          null,
          null
        ]
      },
      "/Users/yizhong/Desktop/buddies/app/models/application_record.rb": {
        "lines": [
          1,
          1,
          null
        ]
      },
      "/Users/yizhong/Desktop/buddies/app/helpers/application_helper.rb": {
        "lines": [
          1,
          null
        ]
      },
      "/Users/yizhong/Desktop/buddies/app/helpers/events_helper.rb": {
        "lines": [
          1,
          1,
          2,
          1,
          null,
          null,
          null,
          null
        ]
      },
      "/Users/yizhong/Desktop/buddies/app/helpers/users_helper.rb": {
        "lines": [
          1,
          null
        ]
      },
      "/Users/yizhong/Desktop/buddies/app/controllers/events_controller.rb": {
        "lines": [
          1,
          null,
          null,
          null,
          1,
          3,
          null,
          3,
          0,
          null,
          null,
          3,
          null,
          3,
          0,
          0,
          null,
          null,
          3,
          1,
          null,
          2,
          null,
          3,
          null,
          3,
          null,
          3,
          null,
          3,
          null,
          null,
          null,
          null,
          1,
          2,
          2,
          null,
          null,
          null,
          1,
          null,
          null,
          null,
          null,
          1,
          2,
          1,
          null,
          1,
          1,
          1,
          1,
          1,
          null,
          null,
          null,
          null,
          1,
          2,
          2,
          1,
          1,
          null,
          1,
          null,
          2,
          null,
          null,
          null,
          1,
          2,
          2,
          1,
          1,
          null,
          1,
          null,
          2,
          null,
          null,
          1,
          null,
          1,
          0,
          null,
          null,
          null,
          1,
          2,
          null,
          null,
          null
        ]
      },
      "/Users/yizhong/Desktop/buddies/app/controllers/application_controller.rb": {
        "lines": [
          1,
          null
        ]
      },
      "/Users/yizhong/Desktop/buddies/app/controllers/users_controller.rb": {
        "lines": [
          1,
          1,
          null,
          null,
          1,
          1,
          null,
          null,
          null,
          1,
          null,
          null,
          null,
          1,
          1,
          null,
          null,
          null,
          1,
          null,
          null,
          null,
          1,
          2,
          null,
          2,
          2,
          2,
          1,
          null,
          2,
          1,
          null,
          null,
          null,
          null,
          null,
          1,
          1,
          1,
          2,
          1,
          null,
          0,
          0,
          null,
          null,
          null,
          null,
          null,
          1,
          1,
          null,
          1,
          2,
          1,
          null,
          null,
          null,
          1,
          null,
          1,
          2,
          null,
          null,
          null,
          1,
          3,
          null,
          null
        ]
      },
      "/Users/yizhong/Desktop/buddies/app/models/event.rb": {
        "lines": [
          1,
          1,
          1,
          5,
          null,
          null,
          1,
          3,
          null,
          null,
          null
        ]
      }
    },
    "timestamp": 1667362103
  }
}
